<?xml version="1.0" encoding="UTF-8"?>
<!-- Generated by org.testng.reporters.JUnitReportReporter -->
<testsuite hostname="LAPTOP-98QEEPAM" failures="0" tests="1" name="com.jenkin.cicd.JenkinFirstTest" time="0.009" errors="0" timestamp="21 Dec 2022 06:03:46 GMT">
  <testcase classname="com.jenkin.cicd.JenkinFirstTest" name="method1" time="0.009"/>
</testsuite> <!-- com.jenkin.cicd.JenkinFirstTest -->
