<?xml version="1.0" encoding="UTF-8"?>
<!-- Generated by org.testng.reporters.JUnitReportReporter -->
<testsuite hostname="LAPTOP-98QEEPAM" failures="0" tests="1" name="com.jenkin.cicd.JenkinFirst" time="0.022" errors="0" timestamp="20 Dec 2022 09:15:03 GMT">
  <testcase classname="com.jenkin.cicd.JenkinFirst" name="method1" time="0.022"/>
</testsuite> <!-- com.jenkin.cicd.JenkinFirst -->
